D:\CPP_LAB\SOCKETSERVER\SOCKETSERVER\DEBUG\SOCKETSERVER.PCH
D:\CPP_LAB\SOCKETSERVER\SOCKETSERVER\DEBUG\STDAFX.OBJ
D:\CPP_LAB\SOCKETSERVER\SOCKETSERVER\DEBUG\VC110.PDB
D:\CPP_LAB\SOCKETSERVER\SOCKETSERVER\DEBUG\SOCKETSERVER.OBJ
D:\CPP_lab\SocketServer\SocketServer\Debug\SocketServer.obj
D:\CPP_lab\SocketServer\SocketServer\Debug\stdafx.obj
D:\CPP_lab\SocketServer\SocketServer\Debug\cl.command.1.tlog
D:\CPP_lab\SocketServer\SocketServer\Debug\CL.read.1.tlog
D:\CPP_lab\SocketServer\SocketServer\Debug\CL.write.1.tlog
D:\CPP_lab\SocketServer\SocketServer\Debug\link-cvtres.read.1.tlog
D:\CPP_lab\SocketServer\SocketServer\Debug\link-cvtres.write.1.tlog
D:\CPP_lab\SocketServer\SocketServer\Debug\link-rc.read.1.tlog
D:\CPP_lab\SocketServer\SocketServer\Debug\link-rc.write.1.tlog
D:\CPP_lab\SocketServer\SocketServer\Debug\link.21800-cvtres.read.1.tlog
D:\CPP_lab\SocketServer\SocketServer\Debug\link.21800-cvtres.write.1.tlog
D:\CPP_lab\SocketServer\SocketServer\Debug\link.21800-rc.read.1.tlog
D:\CPP_lab\SocketServer\SocketServer\Debug\link.21800-rc.write.1.tlog
D:\CPP_lab\SocketServer\SocketServer\Debug\link.21800.read.1.tlog
D:\CPP_lab\SocketServer\SocketServer\Debug\link.21800.write.1.tlog
D:\CPP_lab\SocketServer\SocketServer\Debug\link.command.1.tlog
D:\CPP_lab\SocketServer\SocketServer\Debug\link.read.1.tlog
D:\CPP_lab\SocketServer\SocketServer\Debug\link.write.1.tlog
D:\CPP_lab\SocketServer\SocketServer\Debug\SocketServer.pch
D:\CPP_lab\SocketServer\SocketServer\Debug\vc110.idb
D:\CPP_lab\SocketServer\SocketServer\Debug\vc110.pdb
D:\CPP_lab\SocketServer\Debug\SocketServer.pdb
