D:\CPP_LAB\11_12\11_12\DEBUG\11_12.PCH
D:\CPP_LAB\11_12\11_12\DEBUG\STDAFX.OBJ
D:\CPP_LAB\11_12\11_12\DEBUG\VC110.PDB
D:\CPP_LAB\11_12\11_12\DEBUG\11_12.OBJ
D:\CPP_LAB\11_12\DEBUG\11_12.ILK
D:\CPP_LAB\11_12\DEBUG\11_12.EXE
D:\CPP_LAB\11_12\DEBUG\11_12.PDB
D:\CPP_lab\11_12\11_12\Debug\11_12.obj
D:\CPP_lab\11_12\11_12\Debug\stdafx.obj
D:\CPP_lab\11_12\11_12\Debug\cl.command.1.tlog
D:\CPP_lab\11_12\11_12\Debug\CL.read.1.tlog
D:\CPP_lab\11_12\11_12\Debug\CL.write.1.tlog
D:\CPP_lab\11_12\11_12\Debug\link-cvtres.read.1.tlog
D:\CPP_lab\11_12\11_12\Debug\link-cvtres.write.1.tlog
D:\CPP_lab\11_12\11_12\Debug\link-rc.read.1.tlog
D:\CPP_lab\11_12\11_12\Debug\link-rc.write.1.tlog
D:\CPP_lab\11_12\11_12\Debug\link.3672-cvtres.read.1.tlog
D:\CPP_lab\11_12\11_12\Debug\link.3672-cvtres.write.1.tlog
D:\CPP_lab\11_12\11_12\Debug\link.3672-rc.read.1.tlog
D:\CPP_lab\11_12\11_12\Debug\link.3672-rc.write.1.tlog
D:\CPP_lab\11_12\11_12\Debug\link.3672.read.1.tlog
D:\CPP_lab\11_12\11_12\Debug\link.3672.write.1.tlog
D:\CPP_lab\11_12\11_12\Debug\link.command.1.tlog
D:\CPP_lab\11_12\11_12\Debug\link.read.1.tlog
D:\CPP_lab\11_12\11_12\Debug\link.write.1.tlog
D:\CPP_lab\11_12\11_12\Debug\11_12.pch
D:\CPP_lab\11_12\11_12\Debug\vc110.idb
D:\CPP_lab\11_12\11_12\Debug\vc110.pdb
D:\CPP_lab\11_12\Debug\11_12.pdb
D:\CPP_lab\11_12\Debug\11_12.exe
D:\CPP_lab\11_12\Debug\11_12.ilk
