生成启动时间为 2014/11/21 18:59:52。
     1>项目“C:\Users\jingzhe\Desktop\SB-WinSrc\examples\projects\microsoft\chapt01\block\block.vcxproj”在节点 2 上(Build 个目标)。
     1>ClCompile:
         C:\Program Files (x86)\Microsoft Visual Studio 11.0\VC\bin\CL.exe /c /ZI /nologo /W3 /WX- /Od /Oy- /D WIN32 /D _DEBUG /D _CONSOLE /D _MBCS /Gm /EHsc /RTC1 /MTd /GS /fp:precise /Zc:wchar_t /Zc:forScope /Fo"Debug\\" /Fd"Debug\vc110.pdb" /Gd /TP /analyze- /errorReport:prompt ..\..\..\..\src\chapt01\block\Block.cpp
         Block.cpp
       Link:
         C:\Program Files (x86)\Microsoft Visual Studio 11.0\VC\bin\link.exe /ERRORREPORT:PROMPT /OUT:"Debug\block.exe" /INCREMENTAL /NOLOGO kernel32.lib user32.lib gdi32.lib winspool.lib comdlg32.lib advapi32.lib shell32.lib ole32.lib oleaut32.lib uuid.lib odbc32.lib odbccp32.lib /MANIFEST /MANIFESTUAC:"level='asInvoker' uiAccess='false'" /manifest:embed /DEBUG /PDB:"Debug\block.pdb" /SUBSYSTEM:CONSOLE /TLBID:1 /DYNAMICBASE /NXCOMPAT /IMPLIB:"Debug\block.lib" /MACHINE:X86 /SAFESEH Debug\Block.obj
         Debug\GLee.obj
         Debug\gltools.obj
         Debug\math3d.obj
     1>Block.obj : warning LNK4075: 忽略“/EDITANDCONTINUE”(由于“/SAFESEH”规范)
     1>freeglut_static.lib(freeglut_callbacks.obj) : warning LNK4099: 未找到 PDB“vc90.pdb”(使用“freeglut_static.lib(freeglut_callbacks.obj)”或在“C:\Users\jingzhe\Desktop\SB-WinSrc\examples\projects\microsoft\chapt01\block\Debug\vc90.pdb”中寻找)；正在链接对象，如同没有调试信息一样
     1>freeglut_static.lib(freeglut_cursor.obj) : warning LNK4099: 未找到 PDB“vc90.pdb”(使用“freeglut_static.lib(freeglut_cursor.obj)”或在“C:\Users\jingzhe\Desktop\SB-WinSrc\examples\projects\microsoft\chapt01\block\Debug\vc90.pdb”中寻找)；正在链接对象，如同没有调试信息一样
     1>freeglut_static.lib(freeglut_display.obj) : warning LNK4099: 未找到 PDB“vc90.pdb”(使用“freeglut_static.lib(freeglut_display.obj)”或在“C:\Users\jingzhe\Desktop\SB-WinSrc\examples\projects\microsoft\chapt01\block\Debug\vc90.pdb”中寻找)；正在链接对象，如同没有调试信息一样
     1>freeglut_static.lib(freeglut_font.obj) : warning LNK4099: 未找到 PDB“vc90.pdb”(使用“freeglut_static.lib(freeglut_font.obj)”或在“C:\Users\jingzhe\Desktop\SB-WinSrc\examples\projects\microsoft\chapt01\block\Debug\vc90.pdb”中寻找)；正在链接对象，如同没有调试信息一样
     1>freeglut_static.lib(freeglut_font_data.obj) : warning LNK4099: 未找到 PDB“vc90.pdb”(使用“freeglut_static.lib(freeglut_font_data.obj)”或在“C:\Users\jingzhe\Desktop\SB-WinSrc\examples\projects\microsoft\chapt01\block\Debug\vc90.pdb”中寻找)；正在链接对象，如同没有调试信息一样
     1>freeglut_static.lib(freeglut_geometry.obj) : warning LNK4099: 未找到 PDB“vc90.pdb”(使用“freeglut_static.lib(freeglut_geometry.obj)”或在“C:\Users\jingzhe\Desktop\SB-WinSrc\examples\projects\microsoft\chapt01\block\Debug\vc90.pdb”中寻找)；正在链接对象，如同没有调试信息一样
     1>freeglut_static.lib(freeglut_init.obj) : warning LNK4099: 未找到 PDB“vc90.pdb”(使用“freeglut_static.lib(freeglut_init.obj)”或在“C:\Users\jingzhe\Desktop\SB-WinSrc\examples\projects\microsoft\chapt01\block\Debug\vc90.pdb”中寻找)；正在链接对象，如同没有调试信息一样
     1>freeglut_static.lib(freeglut_input_devices.obj) : warning LNK4099: 未找到 PDB“vc90.pdb”(使用“freeglut_static.lib(freeglut_input_devices.obj)”或在“C:\Users\jingzhe\Desktop\SB-WinSrc\examples\projects\microsoft\chapt01\block\Debug\vc90.pdb”中寻找)；正在链接对象，如同没有调试信息一样
     1>freeglut_static.lib(freeglut_joystick.obj) : warning LNK4099: 未找到 PDB“vc90.pdb”(使用“freeglut_static.lib(freeglut_joystick.obj)”或在“C:\Users\jingzhe\Desktop\SB-WinSrc\examples\projects\microsoft\chapt01\block\Debug\vc90.pdb”中寻找)；正在链接对象，如同没有调试信息一样
     1>freeglut_static.lib(freeglut_main.obj) : warning LNK4099: 未找到 PDB“vc90.pdb”(使用“freeglut_static.lib(freeglut_main.obj)”或在“C:\Users\jingzhe\Desktop\SB-WinSrc\examples\projects\microsoft\chapt01\block\Debug\vc90.pdb”中寻找)；正在链接对象，如同没有调试信息一样
     1>freeglut_static.lib(freeglut_menu.obj) : warning LNK4099: 未找到 PDB“vc90.pdb”(使用“freeglut_static.lib(freeglut_menu.obj)”或在“C:\Users\jingzhe\Desktop\SB-WinSrc\examples\projects\microsoft\chapt01\block\Debug\vc90.pdb”中寻找)；正在链接对象，如同没有调试信息一样
     1>freeglut_static.lib(freeglut_spaceball.obj) : warning LNK4099: 未找到 PDB“vc90.pdb”(使用“freeglut_static.lib(freeglut_spaceball.obj)”或在“C:\Users\jingzhe\Desktop\SB-WinSrc\examples\projects\microsoft\chapt01\block\Debug\vc90.pdb”中寻找)；正在链接对象，如同没有调试信息一样
     1>freeglut_static.lib(freeglut_state.obj) : warning LNK4099: 未找到 PDB“vc90.pdb”(使用“freeglut_static.lib(freeglut_state.obj)”或在“C:\Users\jingzhe\Desktop\SB-WinSrc\examples\projects\microsoft\chapt01\block\Debug\vc90.pdb”中寻找)；正在链接对象，如同没有调试信息一样
     1>freeglut_static.lib(freeglut_stroke_mono_roman.obj) : warning LNK4099: 未找到 PDB“vc90.pdb”(使用“freeglut_static.lib(freeglut_stroke_mono_roman.obj)”或在“C:\Users\jingzhe\Desktop\SB-WinSrc\examples\projects\microsoft\chapt01\block\Debug\vc90.pdb”中寻找)；正在链接对象，如同没有调试信息一样
     1>freeglut_static.lib(freeglut_stroke_roman.obj) : warning LNK4099: 未找到 PDB“vc90.pdb”(使用“freeglut_static.lib(freeglut_stroke_roman.obj)”或在“C:\Users\jingzhe\Desktop\SB-WinSrc\examples\projects\microsoft\chapt01\block\Debug\vc90.pdb”中寻找)；正在链接对象，如同没有调试信息一样
     1>freeglut_static.lib(freeglut_structure.obj) : warning LNK4099: 未找到 PDB“vc90.pdb”(使用“freeglut_static.lib(freeglut_structure.obj)”或在“C:\Users\jingzhe\Desktop\SB-WinSrc\examples\projects\microsoft\chapt01\block\Debug\vc90.pdb”中寻找)；正在链接对象，如同没有调试信息一样
     1>freeglut_static.lib(freeglut_window.obj) : warning LNK4099: 未找到 PDB“vc90.pdb”(使用“freeglut_static.lib(freeglut_window.obj)”或在“C:\Users\jingzhe\Desktop\SB-WinSrc\examples\projects\microsoft\chapt01\block\Debug\vc90.pdb”中寻找)；正在链接对象，如同没有调试信息一样
         block.vcxproj -> C:\Users\jingzhe\Desktop\SB-WinSrc\examples\projects\microsoft\chapt01\block\Debug\block.exe
     1>已完成生成项目“C:\Users\jingzhe\Desktop\SB-WinSrc\examples\projects\microsoft\chapt01\block\block.vcxproj”(Build 个目标)的操作。

生成成功。

已用时间 00:00:03.02
